{"contracts\\Lottery.sol":{"l":{"49":0,"50":0,"51":0,"52":0,"53":0,"54":0,"55":0,"56":0,"60":0,"61":0,"63":0,"64":0,"66":0,"67":0,"73":0,"74":0,"75":0,"76":0,"77":0,"81":0,"82":0,"83":0,"89":0,"90":0,"97":0,"104":0,"105":0,"106":0,"107":0,"108":0,"109":0,"110":0,"111":0,"112":0,"114":0,"118":0,"122":0,"126":0,"130":0,"134":0,"138":0,"142":0,"146":0,"150":0},"path":"C:\\Users\\LENOVO\\Videos\\Web3 Dev\\hh-fcc\\hardhat-smartcontract-lottery-fcc\\contracts\\Lottery.sol","s":{"1":0,"2":0,"3":0,"4":0,"5":0,"6":0,"7":0,"8":0,"9":0,"10":0,"11":0,"12":0,"13":0,"14":0,"15":0,"16":0,"17":0,"18":0,"19":0,"20":0,"21":0,"22":0,"23":0,"24":0,"25":0,"26":0},"b":{"1":[0,0],"2":[0,0],"3":[0,0],"4":[0,0]},"f":{"1":0,"2":0,"3":0,"4":0,"5":0,"6":0,"7":0,"8":0,"9":0,"10":0,"11":0,"12":0,"13":0,"14":0},"fnMap":{"1":{"name":"constructor","line":48,"loc":{"start":{"line":41,"column":4},"end":{"line":57,"column":4}}},"2":{"name":"enterLottery","line":59,"loc":{"start":{"line":59,"column":4},"end":{"line":68,"column":4}}},"3":{"name":"checkUpkeep","line":70,"loc":{"start":{"line":70,"column":4},"end":{"line":78,"column":4}}},"4":{"name":"performUpkeep","line":80,"loc":{"start":{"line":80,"column":4},"end":{"line":98,"column":4}}},"5":{"name":"fulfillRandomWords","line":100,"loc":{"start":{"line":100,"column":4},"end":{"line":115,"column":4}}},"6":{"name":"getEntranceFee","line":117,"loc":{"start":{"line":117,"column":4},"end":{"line":119,"column":4}}},"7":{"name":"getPlayer","line":121,"loc":{"start":{"line":121,"column":4},"end":{"line":123,"column":4}}},"8":{"name":"getRecenWinner","line":125,"loc":{"start":{"line":125,"column":4},"end":{"line":127,"column":4}}},"9":{"name":"getLotteryState","line":129,"loc":{"start":{"line":129,"column":4},"end":{"line":131,"column":4}}},"10":{"name":"getNumWords","line":133,"loc":{"start":{"line":133,"column":4},"end":{"line":135,"column":4}}},"11":{"name":"getNumOfPlayers","line":137,"loc":{"start":{"line":137,"column":4},"end":{"line":139,"column":4}}},"12":{"name":"getLastTimeStamp","line":141,"loc":{"start":{"line":141,"column":4},"end":{"line":143,"column":4}}},"13":{"name":"getRequestConfirmation","line":145,"loc":{"start":{"line":145,"column":4},"end":{"line":147,"column":4}}},"14":{"name":"getInterval","line":149,"loc":{"start":{"line":149,"column":4},"end":{"line":151,"column":4}}}},"statementMap":{"1":{"start":{"line":60,"column":8},"end":{"line":60,"column":2262}},"2":{"start":{"line":63,"column":8},"end":{"line":63,"column":2367}},"3":{"start":{"line":66,"column":8},"end":{"line":66,"column":42}},"4":{"start":{"line":67,"column":8},"end":{"line":67,"column":37}},"5":{"start":{"line":73,"column":8},"end":{"line":73,"column":59}},"6":{"start":{"line":74,"column":8},"end":{"line":74,"column":76}},"7":{"start":{"line":75,"column":8},"end":{"line":75,"column":48}},"8":{"start":{"line":76,"column":8},"end":{"line":76,"column":51}},"9":{"start":{"line":81,"column":8},"end":{"line":81,"column":47}},"10":{"start":{"line":82,"column":8},"end":{"line":82,"column":3175}},"11":{"start":{"line":90,"column":8},"end":{"line":90,"column":3447}},"12":{"start":{"line":97,"column":8},"end":{"line":97,"column":46}},"13":{"start":{"line":104,"column":8},"end":{"line":104,"column":65}},"14":{"start":{"line":105,"column":8},"end":{"line":105,"column":63}},"15":{"start":{"line":110,"column":8},"end":{"line":110,"column":78}},"16":{"start":{"line":111,"column":8},"end":{"line":111,"column":4252}},"17":{"start":{"line":114,"column":8},"end":{"line":114,"column":39}},"18":{"start":{"line":118,"column":8},"end":{"line":118,"column":28}},"19":{"start":{"line":122,"column":8},"end":{"line":122,"column":31}},"20":{"start":{"line":126,"column":8},"end":{"line":126,"column":30}},"21":{"start":{"line":130,"column":8},"end":{"line":130,"column":29}},"22":{"start":{"line":134,"column":8},"end":{"line":134,"column":24}},"23":{"start":{"line":138,"column":8},"end":{"line":138,"column":31}},"24":{"start":{"line":142,"column":8},"end":{"line":142,"column":30}},"25":{"start":{"line":146,"column":8},"end":{"line":146,"column":36}},"26":{"start":{"line":150,"column":8},"end":{"line":150,"column":25}}},"branchMap":{"1":{"line":60,"type":"if","locations":[{"start":{"line":60,"column":8},"end":{"line":60,"column":8}},{"start":{"line":60,"column":8},"end":{"line":60,"column":8}}]},"2":{"line":63,"type":"if","locations":[{"start":{"line":63,"column":8},"end":{"line":63,"column":8}},{"start":{"line":63,"column":8},"end":{"line":63,"column":8}}]},"3":{"line":82,"type":"if","locations":[{"start":{"line":82,"column":8},"end":{"line":82,"column":8}},{"start":{"line":82,"column":8},"end":{"line":82,"column":8}}]},"4":{"line":111,"type":"if","locations":[{"start":{"line":111,"column":8},"end":{"line":111,"column":8}},{"start":{"line":111,"column":8},"end":{"line":111,"column":8}}]}}},"contracts\\test\\VRFCoordinatorV2Mock.sol":{"l":{},"path":"C:\\Users\\LENOVO\\Videos\\Web3 Dev\\hh-fcc\\hardhat-smartcontract-lottery-fcc\\contracts\\test\\VRFCoordinatorV2Mock.sol","s":{},"b":{},"f":{},"fnMap":{},"statementMap":{},"branchMap":{}}}