TN:
SF:C:\Users\LENOVO\Videos\Web3 Dev\hh-fcc\hardhat-smartcontract-lottery-fcc\contracts\Lottery.sol
FN:48,constructor
FN:59,enterLottery
FN:70,checkUpkeep
FN:80,performUpkeep
FN:100,fulfillRandomWords
FN:117,getEntranceFee
FN:121,getPlayer
FN:125,getRecenWinner
FN:129,getLotteryState
FN:133,getNumWords
FN:137,getNumOfPlayers
FN:141,getLastTimeStamp
FN:145,getRequestConfirmation
FN:149,getInterval
FNF:14
FNH:0
FNDA:0,constructor
FNDA:0,enterLottery
FNDA:0,checkUpkeep
FNDA:0,performUpkeep
FNDA:0,fulfillRandomWords
FNDA:0,getEntranceFee
FNDA:0,getPlayer
FNDA:0,getRecenWinner
FNDA:0,getLotteryState
FNDA:0,getNumWords
FNDA:0,getNumOfPlayers
FNDA:0,getLastTimeStamp
FNDA:0,getRequestConfirmation
FNDA:0,getInterval
DA:49,0
DA:50,0
DA:51,0
DA:52,0
DA:53,0
DA:54,0
DA:55,0
DA:56,0
DA:60,0
DA:61,0
DA:63,0
DA:64,0
DA:66,0
DA:67,0
DA:73,0
DA:74,0
DA:75,0
DA:76,0
DA:77,0
DA:81,0
DA:82,0
DA:83,0
DA:89,0
DA:90,0
DA:97,0
DA:104,0
DA:105,0
DA:106,0
DA:107,0
DA:108,0
DA:109,0
DA:110,0
DA:111,0
DA:112,0
DA:114,0
DA:118,0
DA:122,0
DA:126,0
DA:130,0
DA:134,0
DA:138,0
DA:142,0
DA:146,0
DA:150,0
LF:44
LH:0
BRDA:60,1,0,0
BRDA:60,1,1,0
BRDA:63,2,0,0
BRDA:63,2,1,0
BRDA:82,3,0,0
BRDA:82,3,1,0
BRDA:111,4,0,0
BRDA:111,4,1,0
BRF:8
BRH:0
end_of_record
TN:
SF:C:\Users\LENOVO\Videos\Web3 Dev\hh-fcc\hardhat-smartcontract-lottery-fcc\contracts\test\VRFCoordinatorV2Mock.sol
FNF:0
FNH:0
LF:0
LH:0
BRF:0
BRH:0
end_of_record
